Base path: C:/Program Files (x86)/Unity/Editor/Data
Pipe name: \\.\pipe\UnityShaderCompiler-1-9992
Cmd: getPlatforms
Cmd: preprocess
  insize=660 outsize=660 ok=1
Cmd: preprocess
  insize=963 outsize=963 ok=1
Cmd: preprocess
  insize=516 outsize=516 ok=1
Cmd: preprocess
  insize=892 outsize=259 ok=1
Cmd: compileSnippet
  api=1 type=0 insize=933 outsize=145 kw= ok=1
Cmd: compileSnippet
  api=1 type=1 insize=933 outsize=123 kw= ok=1
Cmd: preprocess
  insize=890 outsize=890 ok=1
Cmd: preprocess
  error: 2 plat 12 at (19): Can't find include file AngryInclude.cginc
  insize=1072 outsize=260 ok=0
Cmd: preprocess
  error: 2 plat 12 at (44): Can't find include file AngryInclude.cginc
  insize=3642 outsize=1074 ok=0
Cmd: preprocess
  error: 2 plat 12 at (60): Can't find include file AngryInclude.cginc
  insize=2487 outsize=742 ok=0
